#
# There is insufficient memory for the Java Runtime Environment to continue.
# Native memory allocation (malloc) failed to allocate 2078288 bytes for Chunk::new
# Possible reasons:
#   The system is out of physical RAM or swap space
#   In 32 bit mode, the process size limit was hit
# Possible solutions:
#   Reduce memory load on the system
#   Increase physical memory or swap space
#   Check if swap backing store is full
#   Use 64 bit Java on a 64 bit OS
#   Decrease Java heap size (-Xmx/-Xms)
#   Decrease number of Java threads
#   Decrease Java thread stack sizes (-Xss)
#   Set larger code cache with -XX:ReservedCodeCacheSize=
# This output file may be truncated or incomplete.
#
#  Out of Memory Error (allocation.cpp:390), pid=10652, tid=13456
#
# JRE version: Java(TM) SE Runtime Environment (8.0_60-b27) (build 1.8.0_60-b27)
# Java VM: Java HotSpot(TM) 64-Bit Server VM (25.60-b23 mixed mode windows-amd64 compressed oops)
# Failed to write core dump. Minidumps are not enabled by default on client versions of Windows
#

---------------  T H R E A D  ---------------

Current thread (0x0000000018b96800):  JavaThread "C2 CompilerThread1" daemon [_thread_in_native, id=13456, stack(0x0000000019290000,0x0000000019390000)]

Stack: [0x0000000019290000,0x0000000019390000]
[error occurred during error reporting (printing stack bounds), id 0xc0000005]

Native frames: (J=compiled Java code, j=interpreted, Vv=VM code, C=native code)


Current CompileTask:
C2:   4265 1584   !   4       java.net.URLClassLoader$1::run (63 bytes)


---------------  P R O C E S S  ---------------

Java Threads: ( => current thread )
  0x000000001a374800 JavaThread "GroupReduce (GroupReduce at preprocessingFlink(Preprocessing_Flink.java:119)) (4/4)" daemon [_thread_in_vm, id=15580, stack(0x000000001ed60000,0x000000001ee60000)]
  0x000000001a375800 JavaThread "GroupReduce (GroupReduce at preprocessingFlink(Preprocessing_Flink.java:119)) (2/4)" daemon [_thread_blocked, id=11388, stack(0x000000001ec60000,0x000000001ed60000)]
  0x000000001a377800 JavaThread "GroupReduce (GroupReduce at preprocessingFlink(Preprocessing_Flink.java:119)) (1/4)" daemon [_thread_blocked, id=11404, stack(0x000000001eb60000,0x000000001ec60000)]
  0x000000001a36c800 JavaThread "GroupReduce (GroupReduce at preprocessingFlink(Preprocessing_Flink.java:119)) (3/4)" daemon [_thread_blocked, id=18152, stack(0x000000001ea60000,0x000000001eb60000)]
  0x000000001a36b800 JavaThread "ForkJoinPool-4-worker-3" daemon [_thread_blocked, id=2068, stack(0x000000001e160000,0x000000001e260000)]
  0x000000001a36f800 JavaThread "ForkJoinPool-4-worker-1" daemon [_thread_blocked, id=14532, stack(0x000000001e060000,0x000000001e160000)]
  0x000000001a36a800 JavaThread "ForkJoinPool-4-worker-5" daemon [_thread_blocked, id=16740, stack(0x000000001df60000,0x000000001e060000)]
  0x000000001a371000 JavaThread "ForkJoinPool-4-worker-7" daemon [_thread_blocked, id=14560, stack(0x000000001de60000,0x000000001df60000)]
  0x000000001a370000 JavaThread "flink-akka.actor.default-dispatcher-9" daemon [_thread_blocked, id=17384, stack(0x000000001d960000,0x000000001da60000)]
  0x000000001a36e000 JavaThread "flink-akka.actor.default-dispatcher-8" daemon [_thread_blocked, id=5672, stack(0x000000001d860000,0x000000001d960000)]
  0x000000001a36e800 JavaThread "flink-akka.actor.default-dispatcher-7" daemon [_thread_blocked, id=16188, stack(0x000000001d760000,0x000000001d860000)]
  0x000000001a36d000 JavaThread "flink-akka.actor.default-dispatcher-6" daemon [_thread_blocked, id=13896, stack(0x000000001d660000,0x000000001d760000)]
  0x000000001a086800 JavaThread "flink-akka.actor.default-dispatcher-5" daemon [_thread_blocked, id=10996, stack(0x000000001d160000,0x000000001d260000)]
  0x000000001a085800 JavaThread "ForkJoinPool-1-worker-3" daemon [_thread_blocked, id=18076, stack(0x000000001c860000,0x000000001c960000)]
  0x000000001a084000 JavaThread "Timer-1" daemon [_thread_blocked, id=12140, stack(0x000000001c760000,0x000000001c860000)]
  0x000000001a083800 JavaThread "ForkJoinPool-3-worker-7" daemon [_thread_blocked, id=18132, stack(0x000000001c560000,0x000000001c660000)]
  0x000000001a085000 JavaThread "ForkJoinPool-3-worker-1" daemon [_thread_blocked, id=13636, stack(0x000000001c460000,0x000000001c560000)]
  0x000000001a082800 JavaThread "ForkJoinPool-3-worker-3" daemon [_thread_blocked, id=13732, stack(0x000000001c360000,0x000000001c460000)]
  0x000000001a081000 JavaThread "ForkJoinPool-3-worker-5" daemon [_thread_blocked, id=16640, stack(0x000000001c260000,0x000000001c360000)]
  0x000000001a5dd800 JavaThread "ForkJoinPool-1-worker-7" daemon [_thread_blocked, id=6004, stack(0x000000001bd60000,0x000000001be60000)]
  0x000000001a1fa800 JavaThread "IOManager reader thread #1" daemon [_thread_blocked, id=10500, stack(0x000000001bc60000,0x000000001bd60000)]
  0x000000001a200000 JavaThread "IOManager writer thread #1" daemon [_thread_blocked, id=11472, stack(0x000000001bb60000,0x000000001bc60000)]
  0x000000001a2b4800 JavaThread "Timer-0" daemon [_thread_blocked, id=8608, stack(0x000000001ba60000,0x000000001bb60000)]
  0x000000001a5e2000 JavaThread "BLOB Server listener at 54780" daemon [_thread_in_native, id=17928, stack(0x000000001b960000,0x000000001ba60000)]
  0x000000001a3f8800 JavaThread "flink-akka.actor.default-dispatcher-4" daemon [_thread_blocked, id=11960, stack(0x000000001b860000,0x000000001b960000)]
  0x000000001a11c000 JavaThread "flink-akka.actor.default-dispatcher-3" daemon [_thread_blocked, id=848, stack(0x000000001b560000,0x000000001b660000)]
  0x000000001a207000 JavaThread "flink-akka.actor.default-dispatcher-2" daemon [_thread_blocked, id=18292, stack(0x000000001b460000,0x000000001b560000)]
  0x000000001a025800 JavaThread "flink-scheduler-1" daemon [_thread_blocked, id=1892, stack(0x000000001b360000,0x000000001b460000)]
  0x0000000018c26800 JavaThread "Service Thread" daemon [_thread_blocked, id=4388, stack(0x0000000019490000,0x0000000019590000)]
  0x0000000018b97000 JavaThread "C1 CompilerThread2" daemon [_thread_blocked, id=7196, stack(0x0000000019390000,0x0000000019490000)]
=>0x0000000018b96800 JavaThread "C2 CompilerThread1" daemon [_thread_in_native, id=13456, stack(0x0000000019290000,0x0000000019390000)]
  0x0000000018b92800 JavaThread "C2 CompilerThread0" daemon [_thread_in_native, id=14628, stack(0x0000000019190000,0x0000000019290000)]
  0x0000000018b91800 JavaThread "Attach Listener" daemon [_thread_blocked, id=3476, stack(0x0000000019090000,0x0000000019190000)]
  0x000000001778e800 JavaThread "Signal Dispatcher" daemon [_thread_blocked, id=10832, stack(0x0000000018f90000,0x0000000019090000)]
  0x00000000176f8800 JavaThread "Finalizer" daemon [_thread_blocked, id=15948, stack(0x0000000018980000,0x0000000018a80000)]
  0x0000000002bc4800 JavaThread "Reference Handler" daemon [_thread_blocked, id=11564, stack(0x0000000018880000,0x0000000018980000)]
  0x0000000002ad4000 JavaThread "main" [_thread_blocked, id=15276, stack(0x00000000029d0000,0x0000000002ad0000)]

Other Threads:
  0x00000000176f7000 VMThread [stack: 0x0000000018780000,0x0000000018880000] [id=14504]
  0x0000000018c89800 WatcherThread [stack: 0x0000000019590000,0x0000000019690000] [id=17128]

VM state:not at safepoint (normal execution)

VM Mutex/Monitor currently owned by a thread: None

Heap:
 PSYoungGen      total 219648K, used 146372K [0x00000000d5d00000, 0x00000000ebc00000, 0x0000000100000000)
  eden space 96256K, 23% used [0x00000000d5d00000,0x00000000d7372018,0x00000000dbb00000)
  from space 123392K, 99% used [0x00000000dbb00000,0x00000000e337f040,0x00000000e3380000)
  to   space 105984K, 0% used [0x00000000e3380000,0x00000000e3380000,0x00000000e9b00000)
 ParOldGen       total 649216K, used 532171K [0x0000000081600000, 0x00000000a9000000, 0x00000000d5d00000)
  object space 649216K, 81% used [0x0000000081600000,0x00000000a1db2e18,0x00000000a9000000)
 Metaspace       used 24020K, capacity 24306K, committed 24576K, reserved 1071104K
  class space    used 3427K, capacity 3465K, committed 3584K, reserved 1048576K

Card table byte_map: [0x0000000011f90000,0x0000000012390000] byte_map_base: 0x0000000011b85000

Marking Bits: (ParMarkBitMap*) 0x000000005d61a5b0
 Begin Bits: [0x0000000012a40000, 0x00000000149e8000)
 End Bits:   [0x00000000149e8000, 0x0000000016990000)

Polling page: 0x0000000000d20000

CodeCache: size=245760Kb used=5442Kb max_used=5442Kb free=240317Kb
 bounds [0x0000000002bd0000, 0x0000000003130000, 0x0000000011bd0000]
 total_blobs=2214 nmethods=1768 adapters=358
 compilation: enabled

Compilation events (10 events):
Event: 4.241 Thread 0x0000000018b97000 nmethod 1768 0x000000000311b190 code [0x000000000311b2e0, 0x000000000311b3f0]
Event: 4.241 Thread 0x0000000018b97000 1769       1       org.apache.flink.runtime.messages.ExecutionGraphMessages$ExecutionStateChanged::taskName (5 bytes)
Event: 4.241 Thread 0x0000000018b97000 nmethod 1769 0x000000000311b450 code [0x000000000311b5a0, 0x000000000311b6b0]
Event: 4.241 Thread 0x0000000018b97000 1770       1       org.apache.flink.runtime.messages.ExecutionGraphMessages$ExecutionStateChanged::subtaskIndex (5 bytes)
Event: 4.241 Thread 0x0000000018b97000 nmethod 1770 0x000000000311b710 code [0x000000000311b860, 0x000000000311b970]
Event: 4.241 Thread 0x0000000018b97000 1771       1       org.apache.flink.runtime.messages.ExecutionGraphMessages$ExecutionStateChanged::totalNumberOfSubTasks (5 bytes)
Event: 4.242 Thread 0x0000000018b97000 nmethod 1771 0x000000000311b9d0 code [0x000000000311bb20, 0x000000000311bc30]
Event: 4.242 Thread 0x0000000018b97000 1772       1       org.apache.flink.runtime.messages.ExecutionGraphMessages$ExecutionStateChanged::newExecutionState (5 bytes)
Event: 4.242 Thread 0x0000000018b97000 nmethod 1772 0x000000000311bc90 code [0x000000000311bde0, 0x000000000311bef0]
Event: 4.255 Thread 0x0000000018b97000 1775 % !   3       java.util.concurrent.ConcurrentHashMap::transfer @ 99 (832 bytes)

GC Heap History (10 events):
Event: 3.683 GC heap before
{Heap before GC invocations=18 (full 5):
 PSYoungGen      total 140288K, used 101660K [0x00000000d5d00000, 0x00000000e7f00000, 0x0000000100000000)
  eden space 68608K, 99% used [0x00000000d5d00000,0x00000000d9ff9e00,0x00000000da000000)
  from space 71680K, 46% used [0x00000000da000000,0x00000000dc04d498,0x00000000de600000)
  to   space 98816K, 0% used [0x00000000e1e80000,0x00000000e1e80000,0x00000000e7f00000)
 ParOldGen       total 479232K, used 346699K [0x0000000081600000, 0x000000009ea00000, 0x00000000d5d00000)
  object space 479232K, 72% used [0x0000000081600000,0x0000000096892ef8,0x000000009ea00000)
 Metaspace       used 23852K, capacity 24114K, committed 24320K, reserved 1071104K
  class space    used 3412K, capacity 3465K, committed 3584K, reserved 1048576K
Event: 3.772 GC heap after
Heap after GC invocations=18 (full 5):
 PSYoungGen      total 187392K, used 66848K [0x00000000d5d00000, 0x00000000e7f80000, 0x0000000100000000)
  eden space 88576K, 0% used [0x00000000d5d00000,0x00000000d5d00000,0x00000000db380000)
  from space 98816K, 67% used [0x00000000e1e80000,0x00000000e5fc8200,0x00000000e7f00000)
  to   space 104448K, 0% used [0x00000000db380000,0x00000000db380000,0x00000000e1980000)
 ParOldGen       total 479232K, used 380597K [0x0000000081600000, 0x000000009ea00000, 0x00000000d5d00000)
  object space 479232K, 79% used [0x0000000081600000,0x00000000989ad558,0x000000009ea00000)
 Metaspace       used 23852K, capacity 24114K, committed 24320K, reserved 1071104K
  class space    used 3412K, capacity 3465K, committed 3584K, reserved 1048576K
}
Event: 3.896 GC heap before
{Heap before GC invocations=19 (full 5):
 PSYoungGen      total 187392K, used 155424K [0x00000000d5d00000, 0x00000000e7f80000, 0x0000000100000000)
  eden space 88576K, 100% used [0x00000000d5d00000,0x00000000db380000,0x00000000db380000)
  from space 98816K, 67% used [0x00000000e1e80000,0x00000000e5fc8200,0x00000000e7f00000)
  to   space 104448K, 0% used [0x00000000db380000,0x00000000db380000,0x00000000e1980000)
 ParOldGen       total 479232K, used 380597K [0x0000000081600000, 0x000000009ea00000, 0x00000000d5d00000)
  object space 479232K, 79% used [0x0000000081600000,0x00000000989ad558,0x000000009ea00000)
 Metaspace       used 23909K, capacity 24178K, committed 24576K, reserved 1071104K
  class space    used 3412K, capacity 3465K, committed 3584K, reserved 1048576K
Event: 3.935 GC heap after
Heap after GC invocations=19 (full 5):
 PSYoungGen      total 193024K, used 60797K [0x00000000d5d00000, 0x00000000e9b00000, 0x0000000100000000)
  eden space 88576K, 0% used [0x00000000d5d00000,0x00000000d5d00000,0x00000000db380000)
  from space 104448K, 58% used [0x00000000db380000,0x00000000deedf640,0x00000000e1980000)
  to   space 105984K, 0% used [0x00000000e3380000,0x00000000e3380000,0x00000000e9b00000)
 ParOldGen       total 479232K, used 447478K [0x0000000081600000, 0x000000009ea00000, 0x00000000d5d00000)
  object space 479232K, 93% used [0x0000000081600000,0x000000009cafdbe8,0x000000009ea00000)
 Metaspace       used 23909K, capacity 24178K, committed 24576K, reserved 1071104K
  class space    used 3412K, capacity 3465K, committed 3584K, reserved 1048576K
}
Event: 3.935 GC heap before
{Heap before GC invocations=20 (full 6):
 PSYoungGen      total 193024K, used 60797K [0x00000000d5d00000, 0x00000000e9b00000, 0x0000000100000000)
  eden space 88576K, 0% used [0x00000000d5d00000,0x00000000d5d00000,0x00000000db380000)
  from space 104448K, 58% used [0x00000000db380000,0x00000000deedf640,0x00000000e1980000)
  to   space 105984K, 0% used [0x00000000e3380000,0x00000000e3380000,0x00000000e9b00000)
 ParOldGen       total 479232K, used 447478K [0x0000000081600000, 0x000000009ea00000, 0x00000000d5d00000)
  object space 479232K, 93% used [0x0000000081600000,0x000000009cafdbe8,0x000000009ea00000)
 Metaspace       used 23909K, capacity 24178K, committed 24576K, reserved 1071104K
  class space    used 3412K, capacity 3465K, committed 3584K, reserved 1048576K
Event: 4.078 GC heap after
Heap after GC invocations=20 (full 6):
 PSYoungGen      total 193024K, used 28496K [0x00000000d5d00000, 0x00000000e9b00000, 0x0000000100000000)
  eden space 88576K, 0% used [0x00000000d5d00000,0x00000000d5d00000,0x00000000db380000)
  from space 104448K, 27% used [0x00000000db380000,0x00000000dcf54138,0x00000000e1980000)
  to   space 105984K, 0% used [0x00000000e3380000,0x00000000e3380000,0x00000000e9b00000)
 ParOldGen       total 649216K, used 478752K [0x0000000081600000, 0x00000000a9000000, 0x00000000d5d00000)
  object space 649216K, 73% used [0x0000000081600000,0x000000009e9881a8,0x00000000a9000000)
 Metaspace       used 23909K, capacity 24178K, committed 24576K, reserved 1071104K
  class space    used 3412K, capacity 3465K, committed 3584K, reserved 1048576K
}
Event: 4.094 GC heap before
{Heap before GC invocations=21 (full 6):
 PSYoungGen      total 193024K, used 117043K [0x00000000d5d00000, 0x00000000e9b00000, 0x0000000100000000)
  eden space 88576K, 99% used [0x00000000d5d00000,0x00000000db378b20,0x00000000db380000)
  from space 104448K, 27% used [0x00000000db380000,0x00000000dcf54138,0x00000000e1980000)
  to   space 105984K, 0% used [0x00000000e3380000,0x00000000e3380000,0x00000000e9b00000)
 ParOldGen       total 649216K, used 478752K [0x0000000081600000, 0x00000000a9000000, 0x00000000d5d00000)
  object space 649216K, 73% used [0x0000000081600000,0x000000009e9881a8,0x00000000a9000000)
 Metaspace       used 23912K, capacity 24178K, committed 24576K, reserved 1071104K
  class space    used 3412K, capacity 3465K, committed 3584K, reserved 1048576K
Event: 4.133 GC heap after
Heap after GC invocations=21 (full 6):
 PSYoungGen      total 202240K, used 105971K [0x00000000d5d00000, 0x00000000ebc00000, 0x0000000100000000)
  eden space 96256K, 0% used [0x00000000d5d00000,0x00000000d5d00000,0x00000000dbb00000)
  from space 105984K, 99% used [0x00000000e3380000,0x00000000e9afce30,0x00000000e9b00000)
  to   space 123392K, 0% used [0x00000000dbb00000,0x00000000dbb00000,0x00000000e3380000)
 ParOldGen       total 649216K, used 481281K [0x0000000081600000, 0x00000000a9000000, 0x00000000d5d00000)
  object space 649216K, 74% used [0x0000000081600000,0x000000009ec00698,0x00000000a9000000)
 Metaspace       used 23912K, capacity 24178K, committed 24576K, reserved 1071104K
  class space    used 3412K, capacity 3465K, committed 3584K, reserved 1048576K
}
Event: 4.147 GC heap before
{Heap before GC invocations=22 (full 6):
 PSYoungGen      total 202240K, used 202208K [0x00000000d5d00000, 0x00000000ebc00000, 0x0000000100000000)
  eden space 96256K, 99% used [0x00000000d5d00000,0x00000000dbafb280,0x00000000dbb00000)
  from space 105984K, 99% used [0x00000000e3380000,0x00000000e9afce30,0x00000000e9b00000)
  to   space 123392K, 0% used [0x00000000dbb00000,0x00000000dbb00000,0x00000000e3380000)
 ParOldGen       total 649216K, used 481281K [0x0000000081600000, 0x00000000a9000000, 0x00000000d5d00000)
  object space 649216K, 74% used [0x0000000081600000,0x000000009ec00698,0x00000000a9000000)
 Metaspace       used 23912K, capacity 24178K, committed 24576K, reserved 1071104K
  class space    used 3412K, capacity 3465K, committed 3584K, reserved 1048576K
Event: 4.201 GC heap after
Heap after GC invocations=22 (full 6):
 PSYoungGen      total 219648K, used 123388K [0x00000000d5d00000, 0x00000000ebc00000, 0x0000000100000000)
  eden space 96256K, 0% used [0x00000000d5d00000,0x00000000d5d00000,0x00000000dbb00000)
  from space 123392K, 99% used [0x00000000dbb00000,0x00000000e337f040,0x00000000e3380000)
  to   space 105984K, 0% used [0x00000000e3380000,0x00000000e3380000,0x00000000e9b00000)
 ParOldGen       total 649216K, used 532171K [0x0000000081600000, 0x00000000a9000000, 0x00000000d5d00000)
  object space 649216K, 81% used [0x0000000081600000,0x00000000a1db2e18,0x00000000a9000000)
 Metaspace       used 23912K, capacity 24178K, committed 24576K, reserved 1071104K
  class space    used 3412K, capacity 3465K, committed 3584K, reserved 1048576K
}

Deoptimization events (10 events):
Event: 1.885 Thread 0x000000001a3f8800 Uncommon trap: reason=unstable_if action=reinterpret pc=0x0000000002edbda8 method=java.util.HashMap.putVal(ILjava/lang/Object;Ljava/lang/Object;ZZ)Ljava/lang/Object; @ 94
Event: 1.885 Thread 0x000000001a3f8800 Uncommon trap: reason=unstable_if action=reinterpret pc=0x0000000002e1b7f0 method=java.util.HashMap.getNode(ILjava/lang/Object;)Ljava/util/HashMap$Node; @ 62
Event: 2.176 Thread 0x0000000002ad4000 Uncommon trap: reason=unstable_if action=reinterpret pc=0x0000000002f6fb60 method=java.util.HashMap.hash(Ljava/lang/Object;)I @ 1
Event: 2.244 Thread 0x0000000002ad4000 Uncommon trap: reason=bimorphic action=maybe_recompile pc=0x0000000002e96198 method=java.util.AbstractCollection.isEmpty()Z @ 1
Event: 2.244 Thread 0x0000000002ad4000 Uncommon trap: reason=bimorphic action=maybe_recompile pc=0x0000000002e96198 method=java.util.AbstractCollection.isEmpty()Z @ 1
Event: 2.244 Thread 0x0000000002ad4000 Uncommon trap: reason=bimorphic action=maybe_recompile pc=0x0000000002e96198 method=java.util.AbstractCollection.isEmpty()Z @ 1
Event: 2.244 Thread 0x0000000002ad4000 Uncommon trap: reason=bimorphic action=maybe_recompile pc=0x0000000002e96198 method=java.util.AbstractCollection.isEmpty()Z @ 1
Event: 2.420 Thread 0x000000001a207000 Uncommon trap: reason=unstable_if action=reinterpret pc=0x0000000002fa9f20 method=java.lang.ClassLoader.getClassLoadingLock(Ljava/lang/String;)Ljava/lang/Object; @ 6
Event: 2.746 Thread 0x000000001a36e000 Uncommon trap: reason=unstable_if action=reinterpret pc=0x000000000302b804 method=scala.concurrent.forkjoin.ForkJoinPool.scan(Lscala/concurrent/forkjoin/ForkJoinPool$WorkQueue;)Lscala/concurrent/forkjoin/ForkJoinTask; @ 182
Event: 4.237 Thread 0x000000001a374800 Uncommon trap: reason=unstable_if action=reinterpret pc=0x00000000030758b0 method=java.io.ByteArrayInputStream.read([BII)I @ 63

Internal exceptions (10 events):
Event: 1.902 Thread 0x000000001a3f8800 Exception <a 'java/lang/ArrayIndexOutOfBoundsException'> (0x00000000d68e5558) thrown at [C:\re\workspace\8-2-build-windows-amd64-cygwin\jdk8u60\4407\hotspot\src\share\vm\runtime\sharedRuntime.cpp, line 605]
Event: 1.908 Thread 0x000000001a3f8800 Exception <a 'java/lang/ArrayIndexOutOfBoundsException'> (0x00000000d68f48c8) thrown at [C:\re\workspace\8-2-build-windows-amd64-cygwin\jdk8u60\4407\hotspot\src\share\vm\runtime\sharedRuntime.cpp, line 605]
Event: 2.176 Thread 0x0000000002ad4000 Implicit null exception at 0x0000000002f6f955 to 0x0000000002f6fb51
Event: 2.304 Thread 0x0000000002ad4000 Exception <a 'java/lang/NoSuchMethodError': <clinit>> (0x00000000d67c4d50) thrown at [C:\re\workspace\8-2-build-windows-amd64-cygwin\jdk8u60\4407\hotspot\src\share\vm\prims\jni.cpp, line 1591]
Event: 2.312 Thread 0x0000000002ad4000 Exception <a 'java/lang/NoSuchMethodError': <clinit>> (0x00000000d67d6ba8) thrown at [C:\re\workspace\8-2-build-windows-amd64-cygwin\jdk8u60\4407\hotspot\src\share\vm\prims\jni.cpp, line 1591]
Event: 2.313 Thread 0x0000000002ad4000 Exception <a 'java/lang/NoSuchMethodError': <clinit>> (0x00000000d67d77f8) thrown at [C:\re\workspace\8-2-build-windows-amd64-cygwin\jdk8u60\4407\hotspot\src\share\vm\prims\jni.cpp, line 1591]
Event: 2.328 Thread 0x0000000002ad4000 Exception <a 'java/lang/NoSuchMethodError': <clinit>> (0x00000000d685f330) thrown at [C:\re\workspace\8-2-build-windows-amd64-cygwin\jdk8u60\4407\hotspot\src\share\vm\prims\jni.cpp, line 1591]
Event: 2.328 Thread 0x0000000002ad4000 Exception <a 'java/lang/NoSuchMethodError': <clinit>> (0x00000000d685fe50) thrown at [C:\re\workspace\8-2-build-windows-amd64-cygwin\jdk8u60\4407\hotspot\src\share\vm\prims\jni.cpp, line 1591]
Event: 2.328 Thread 0x0000000002ad4000 Exception <a 'java/lang/NoSuchMethodError': <clinit>> (0x00000000d68609a0) thrown at [C:\re\workspace\8-2-build-windows-amd64-cygwin\jdk8u60\4407\hotspot\src\share\vm\prims\jni.cpp, line 1591]
Event: 2.514 Thread 0x000000001a36e000 Exception <a 'java/lang/NoSuchMethodError': <clinit>> (0x00000000d74b6df0) thrown at [C:\re\workspace\8-2-build-windows-amd64-cygwin\jdk8u60\4407\hotspot\src\share\vm\prims\jni.cpp, line 1591]

Events (10 events):
Event: 4.249 loading class com/esotericsoftware/kryo/ReferenceResolver
Event: 4.249 loading class com/esotericsoftware/kryo/ReferenceResolver done
Event: 4.250 loading class com/esotericsoftware/kryo/ClassResolver
Event: 4.250 loading class com/esotericsoftware/kryo/ClassResolver done
Event: 4.250 loading class com/esotericsoftware/kryo/StreamFactory
Event: 4.250 loading class com/esotericsoftware/kryo/StreamFactory done
Event: 4.251 loading class com/esotericsoftware/kryo/serializers/DefaultSerializers$IntSerializer
Event: 4.251 loading class com/esotericsoftware/kryo/serializers/DefaultSerializers$IntSerializer done
Event: 4.254 loading class com/esotericsoftware/kryo/serializers/DefaultSerializers$StringSerializer
Event: 4.254 loading class com/esotericsoftware/kryo/serializers/DefaultSerializers$StringSerializer done


Dynamic libraries:
0x00007ff7ea2e0000 - 0x00007ff7ea317000 	C:\Program Files\Java\jre1.8.0_60\bin\javaw.exe
0x00007ff81cb40000 - 0x00007ff81cd11000 	C:\WINDOWS\SYSTEM32\ntdll.dll
0x00007ff81ab30000 - 0x00007ff81abdb000 	C:\WINDOWS\System32\KERNEL32.DLL
0x00007ff8194d0000 - 0x00007ff8196ed000 	C:\WINDOWS\System32\KERNELBASE.dll
0x00007ff81ac90000 - 0x00007ff81ad32000 	C:\WINDOWS\System32\ADVAPI32.dll
0x00007ff81c640000 - 0x00007ff81c6de000 	C:\WINDOWS\System32\msvcrt.dll
0x00007ff81c8e0000 - 0x00007ff81c939000 	C:\WINDOWS\System32\sechost.dll
0x00007ff81c3c0000 - 0x00007ff81c4e1000 	C:\WINDOWS\System32\RPCRT4.dll
0x00007ff81a580000 - 0x00007ff81a6e5000 	C:\WINDOWS\System32\USER32.dll
0x00007ff8197a0000 - 0x00007ff8197be000 	C:\WINDOWS\System32\win32u.dll
0x00007ff81c600000 - 0x00007ff81c634000 	C:\WINDOWS\System32\GDI32.dll
0x00007ff819f40000 - 0x00007ff81a0c2000 	C:\WINDOWS\System32\gdi32full.dll
0x00007ff80d670000 - 0x00007ff80d8e9000 	C:\WINDOWS\WinSxS\amd64_microsoft.windows.common-controls_6595b64144ccf1df_6.0.14393.447_none_42191651c6827bb3\COMCTL32.dll
0x00007ff81a7f0000 - 0x00007ff81aab8000 	C:\WINDOWS\System32\combase.dll
0x00007ff819270000 - 0x00007ff819365000 	C:\WINDOWS\System32\ucrtbase.dll
0x00007ff819030000 - 0x00007ff81909a000 	C:\WINDOWS\System32\bcryptPrimitives.dll
0x00007ff81abe0000 - 0x00007ff81ac0e000 	C:\WINDOWS\System32\IMM32.DLL
0x000000005c940000 - 0x000000005ca12000 	C:\Program Files\Java\jre1.8.0_60\bin\msvcr100.dll
0x000000005ce10000 - 0x000000005d699000 	C:\Program Files\Java\jre1.8.0_60\bin\server\jvm.dll
0x00007ff81a0d0000 - 0x00007ff81a0d8000 	C:\WINDOWS\System32\PSAPI.DLL
0x00007ff80a850000 - 0x00007ff80a85a000 	C:\WINDOWS\SYSTEM32\VERSION.dll
0x00007ff80a130000 - 0x00007ff80a139000 	C:\WINDOWS\SYSTEM32\WSOCK32.dll
0x00007ff816cf0000 - 0x00007ff816d13000 	C:\WINDOWS\SYSTEM32\WINMM.dll
0x00007ff81c4f0000 - 0x00007ff81c55a000 	C:\WINDOWS\System32\WS2_32.dll
0x00007ff816cc0000 - 0x00007ff816ceb000 	C:\WINDOWS\SYSTEM32\WINMMBASE.dll
0x00007ff819370000 - 0x00007ff8193b2000 	C:\WINDOWS\System32\cfgmgr32.dll
0x000000005d700000 - 0x000000005d70f000 	C:\Program Files\Java\jre1.8.0_60\bin\verify.dll
0x000000005cde0000 - 0x000000005ce09000 	C:\Program Files\Java\jre1.8.0_60\bin\java.dll
0x000000005d6e0000 - 0x000000005d6f6000 	C:\Program Files\Java\jre1.8.0_60\bin\zip.dll
0x00007ff81ad40000 - 0x00007ff81c249000 	C:\WINDOWS\System32\SHELL32.dll
0x00007ff8197c0000 - 0x00007ff819e9a000 	C:\WINDOWS\System32\windows.storage.dll
0x00007ff818fe0000 - 0x00007ff81902c000 	C:\WINDOWS\System32\powrprof.dll
0x00007ff81ac30000 - 0x00007ff81ac82000 	C:\WINDOWS\System32\shlwapi.dll
0x00007ff818fd0000 - 0x00007ff818fdf000 	C:\WINDOWS\System32\kernel.appcore.dll
0x00007ff8196f0000 - 0x00007ff819799000 	C:\WINDOWS\System32\shcore.dll
0x00007ff818fb0000 - 0x00007ff818fc4000 	C:\WINDOWS\System32\profapi.dll
0x000000005cdc0000 - 0x000000005cdda000 	C:\Program Files\Java\jre1.8.0_60\bin\net.dll
0x00007ff818870000 - 0x00007ff8188cc000 	C:\WINDOWS\system32\mswsock.dll
0x00007ff818640000 - 0x00007ff8186e0000 	C:\WINDOWS\SYSTEM32\DNSAPI.dll
0x00007ff81ab20000 - 0x00007ff81ab28000 	C:\WINDOWS\System32\NSI.dll
0x00007ff818600000 - 0x00007ff818638000 	C:\WINDOWS\SYSTEM32\IPHLPAPI.DLL
0x00007ff810530000 - 0x00007ff81053a000 	C:\Windows\System32\rasadhlp.dll
0x00007ff810c50000 - 0x00007ff810cba000 	C:\WINDOWS\System32\fwpuclnt.dll
0x00007ff818ee0000 - 0x00007ff818f0b000 	C:\WINDOWS\SYSTEM32\bcrypt.dll
0x00007ff818a10000 - 0x00007ff818a27000 	C:\WINDOWS\SYSTEM32\CRYPTSP.dll
0x00007ff818480000 - 0x00007ff8184b3000 	C:\WINDOWS\system32\rsaenh.dll
0x00007ff8186f0000 - 0x00007ff81870f000 	C:\WINDOWS\SYSTEM32\USERENV.dll
0x00007ff818a30000 - 0x00007ff818a3b000 	C:\WINDOWS\SYSTEM32\CRYPTBASE.dll
0x00007ff8127c0000 - 0x00007ff8127d6000 	C:\WINDOWS\SYSTEM32\dhcpcsvc6.DLL
0x00007ff8127a0000 - 0x00007ff8127ba000 	C:\WINDOWS\SYSTEM32\dhcpcsvc.DLL
0x000000005cda0000 - 0x000000005cdb1000 	C:\Program Files\Java\jre1.8.0_60\bin\nio.dll
0x000000005c930000 - 0x000000005c93d000 	C:\Program Files\Java\jre1.8.0_60\bin\management.dll
0x00007ff804980000 - 0x00007ff804996000 	C:\WINDOWS\system32\napinsp.dll
0x00007ff804920000 - 0x00007ff80493a000 	C:\WINDOWS\system32\pnrpnsp.dll
0x00007ff815860000 - 0x00007ff815878000 	C:\WINDOWS\system32\NLAapi.dll
0x00007ff8049a0000 - 0x00007ff8049ae000 	C:\WINDOWS\System32\winrnr.dll
0x00007ff8049b0000 - 0x00007ff8049c5000 	C:\WINDOWS\System32\wshbth.dll

VM Arguments:
jvm_args: -Dfile.encoding=GBK 
java_command: Flink.Main_Flink ./OnlineRetail/preprocessingResultInteger_Flink.csv 2 2
java_class_path (initial): C:\Users\KlaraRuanQian\workspace_DBPRO\DBPRO_SS17\target\classes;C:\Users\KlaraRuanQian\.m2\repository\org\apache\flink\flink-java\1.0.0\flink-java-1.0.0.jar;C:\Users\KlaraRuanQian\.m2\repository\org\apache\flink\flink-core\1.0.0\flink-core-1.0.0.jar;C:\Users\KlaraRuanQian\.m2\repository\org\apache\flink\flink-annotations\1.0.0\flink-annotations-1.0.0.jar;C:\Users\KlaraRuanQian\.m2\repository\com\esotericsoftware\kryo\kryo\2.24.0\kryo-2.24.0.jar;C:\Users\KlaraRuanQian\.m2\repository\com\esotericsoftware\minlog\minlog\1.2\minlog-1.2.jar;C:\Users\KlaraRuanQian\.m2\repository\org\objenesis\objenesis\2.1\objenesis-2.1.jar;C:\Users\KlaraRuanQian\.m2\repository\org\apache\avro\avro\1.7.6\avro-1.7.6.jar;C:\Users\KlaraRuanQian\.m2\repository\org\apache\flink\flink-shaded-hadoop2\1.0.0\flink-shaded-hadoop2-1.0.0.jar;C:\Users\KlaraRuanQian\.m2\repository\xmlenc\xmlenc\0.52\xmlenc-0.52.jar;C:\Users\KlaraRuanQian\.m2\repository\commons-codec\commons-codec\1.4\commons-codec-1.4.jar;C:\Users\KlaraRuanQian\.m2\repository\commons-io\commons-io\2.4\commons-io-2.4.jar;C:\Users\KlaraRuanQian\.m2\repository\commons-net\commons-net\3.1\commons-net-3.1.jar;C:\Users\KlaraRuanQian\.m2\repository\commons-collections\commons-collections\3.2.1\commons-collections-3.2.1.jar;C:\Users\KlaraRuanQian\.m2\repository\javax\servlet\servlet-api\2.5\servlet-api-2.5.jar;C:\Users\KlaraRuanQian\.m2\repository\org\mortbay\jetty\jetty-util\6.1.26\jetty-util-6.1.26.jar;C:\Users\KlaraRuanQian\.m2\repository\com\sun\jersey\jersey-core\1.9\jersey-core-1.9.jar;C:\Users\KlaraRuanQian\.m2\repository\commons-el\commons-el\1.0\commons-el-1.0.jar;C:\Users\KlaraRuanQian\.m2\repository\commons-logging\commons-logging\1.1.3\commons-logging-1.1.3.jar;C:\Users\KlaraRuanQian\.m2\repository\com\jamesmurty\utils\java-xmlbuilder\0.4\java-xmlbuilder-0.4.jar;C:\Users\KlaraRuanQian\.m2\repository\commons-lang\commons-lang\2.6\commons-lang-2.6.jar;C:\Users\KlaraRuanQian\.m2\repository\commons-configur
Launcher Type: SUN_STANDARD

Environment Variables:
JAVA_HOME=C:\Program Files\Java\jdk1.8.0_60
PATH=C:/Program Files/Java/jre1.8.0_60/bin/server;C:/Program Files/Java/jre1.8.0_60/bin;C:/Program Files/Java/jre1.8.0_60/lib/amd64;C:\Program Files\Haskell\bin;C:\Program Files\Haskell Platform\8.0.2\lib\extralibs\bin;C:\Program Files\Haskell Platform\8.0.2\bin;C:\ProgramData\Oracle\Java\javapath;C:\windows\system32;C:\windows;C:\windows\System32\Wbem;C:\windows\System32\WindowsPowerShell\v1.0\;C:\Program Files\OpenVPN\bin;C:\Program Files (x86)\File Viewer Lite\lib\magick;C:\Program Files (x86)\MiKTeX 2.9\miktex\bin\;C:\CTEX\UserData\miktex\bin;C:\CTEX\MiKTeX\miktex\bin;C:\CTEX\CTeX\ctex\bin;C:\CTEX\CTeX\cct\bin;C:\CTEX\CTeX\ty\bin;C:\CTEX\Ghostscript\gs9.05\bin;C:\CTEX\GSview\gsview;C:\CTEX\WinEdt;C:\WINDOWS\system32;C:\WINDOWS;C:\WINDOWS\System32\Wbem;C:\WINDOWS\System32\WindowsPowerShell\v1.0\;C:\Program Files\IBM\SPSS\Statistics\23\JRE\bin;C:\Program Files\Haskell Platform\8.0.2\mingw\bin;C:\hadoop\bin;C:\Program Files (x86)\scala\bin;C:\Users\KlaraRuanQian\AppData\Roaming\cabal\bin;C:\Users\KlaraRuanQian\AppData\Roaming\local\bin;C:\Users\KlaraRuanQian\Anaconda3;C:\Users\KlaraRuanQian\Anaconda3\Scripts;C:\Users\KlaraRuanQian\Anaconda3\Library\bin;C:\Users\KlaraRuanQian\AppData\Local\Programs\Python\Python35-32\Scripts\;C:\Users\KlaraRuanQian\AppData\Local\Programs\Python\Python35-32\;C:\Users\KlaraRuanQian\AppData\Local\Microsoft\WindowsApps;C:\Program Files\apache-maven-3.3.9\bin;C:\Program Files (x86)\Microsoft VS Code\bin;C:\Program Files (x86)\q-TextAsData;c:\hadoop\bin;c:\hadoop\bin;C:\Program Files (x86)\eclipse;
USERNAME=KlaraRuanQian
OS=Windows_NT
PROCESSOR_IDENTIFIER=Intel64 Family 6 Model 69 Stepping 1, GenuineIntel



---------------  S Y S T E M  ---------------

OS: Windows 10.0 , 64 bit Build 14393 (10.0.14393.0)

CPU:total 4 (2 cores per cpu, 2 threads per core) family 6 model 69 stepping 1, cmov, cx8, fxsr, mmx, sse, sse2, sse3, ssse3, sse4.1, sse4.2, popcnt, avx, avx2, aes, clmul, erms, lzcnt, ht, tsc, tscinvbit, bmi1, bmi2

Memory: 4k page, physical 8291400k(763936k free), swap 21712376k(5896k free)

vm_info: Java HotSpot(TM) 64-Bit Server VM (25.60-b23) for windows-amd64 JRE (1.8.0_60-b27), built on Aug  4 2015 11:06:27 by "java_re" with MS VC++ 10.0 (VS2010)

time: Sat Jul 01 17:38:48 2017
elapsed time: 4 seconds (0d 0h 0m 4s)

