#
# There is insufficient memory for the Java Runtime Environment to continue.
# Native memory allocation (malloc) failed to allocate 32744 bytes for ChunkPool::allocate
# Possible reasons:
#   The system is out of physical RAM or swap space
#   In 32 bit mode, the process size limit was hit
# Possible solutions:
#   Reduce memory load on the system
#   Increase physical memory or swap space
#   Check if swap backing store is full
#   Use 64 bit Java on a 64 bit OS
#   Decrease Java heap size (-Xmx/-Xms)
#   Decrease number of Java threads
#   Decrease Java thread stack sizes (-Xss)
#   Set larger code cache with -XX:ReservedCodeCacheSize=
# This output file may be truncated or incomplete.
#
#  Out of Memory Error (allocation.cpp:273), pid=7812, tid=10736
#
# JRE version: Java(TM) SE Runtime Environment (8.0_60-b27) (build 1.8.0_60-b27)
# Java VM: Java HotSpot(TM) 64-Bit Server VM (25.60-b23 mixed mode windows-amd64 compressed oops)
# Failed to write core dump. Minidumps are not enabled by default on client versions of Windows
#

---------------  T H R E A D  ---------------

Current thread (0x0000000017bef800):  JavaThread "C2 CompilerThread1" daemon [_thread_in_native, id=10736, stack(0x0000000019760000,0x0000000019860000)]

Stack: [0x0000000019760000,0x0000000019860000]
[error occurred during error reporting (printing stack bounds), id 0xc0000005]

Native frames: (J=compiled Java code, j=interpreted, Vv=VM code, C=native code)


Current CompileTask:
C2:   4319 1569   !   4       java.net.URLClassLoader$1::run (63 bytes)


---------------  P R O C E S S  ---------------

Java Threads: ( => current thread )
  0x000000001a817000 JavaThread "GroupReduce (GroupReduce at preprocessingFlink(Preprocessing_Flink.java:119)) (4/4)" daemon [_thread_blocked, id=4872, stack(0x000000001f130000,0x000000001f230000)]
  0x000000001a80c800 JavaThread "GroupReduce (GroupReduce at preprocessingFlink(Preprocessing_Flink.java:119)) (3/4)" daemon [_thread_blocked, id=13336, stack(0x000000001f030000,0x000000001f130000)]
  0x000000001a80d000 JavaThread "GroupReduce (GroupReduce at preprocessingFlink(Preprocessing_Flink.java:119)) (1/4)" daemon [_thread_blocked, id=6712, stack(0x000000001ef30000,0x000000001f030000)]
  0x000000001a811000 JavaThread "GroupReduce (GroupReduce at preprocessingFlink(Preprocessing_Flink.java:119)) (2/4)" daemon [_thread_in_Java, id=14644, stack(0x000000001ed30000,0x000000001ee30000)]
  0x000000001a810000 JavaThread "ForkJoinPool-4-worker-1" daemon [_thread_blocked, id=17312, stack(0x000000001e630000,0x000000001e730000)]
  0x000000001a812800 JavaThread "ForkJoinPool-4-worker-3" daemon [_thread_blocked, id=11532, stack(0x000000001e530000,0x000000001e630000)]
  0x000000001a811800 JavaThread "ForkJoinPool-4-worker-5" daemon [_thread_blocked, id=6540, stack(0x000000001e430000,0x000000001e530000)]
  0x000000001a80f800 JavaThread "ForkJoinPool-4-worker-7" daemon [_thread_blocked, id=10764, stack(0x000000001e330000,0x000000001e430000)]
  0x000000001a80b000 JavaThread "flink-akka.actor.default-dispatcher-8" daemon [_thread_blocked, id=15420, stack(0x000000001de30000,0x000000001df30000)]
  0x000000001a80a000 JavaThread "flink-akka.actor.default-dispatcher-9" daemon [_thread_blocked, id=17908, stack(0x000000001dd30000,0x000000001de30000)]
  0x000000001a80e800 JavaThread "flink-akka.actor.default-dispatcher-7" daemon [_thread_blocked, id=76, stack(0x000000001dc30000,0x000000001dd30000)]
  0x000000001aa47800 JavaThread "flink-akka.actor.default-dispatcher-6" daemon [_thread_blocked, id=17896, stack(0x000000001db30000,0x000000001dc30000)]
  0x000000001aa46000 JavaThread "flink-akka.actor.default-dispatcher-5" daemon [_thread_blocked, id=12076, stack(0x000000001da30000,0x000000001db30000)]
  0x000000001aa48800 JavaThread "ForkJoinPool-1-worker-3" daemon [_thread_blocked, id=5128, stack(0x000000001cd30000,0x000000001ce30000)]
  0x000000001aa43000 JavaThread "Timer-1" daemon [_thread_blocked, id=11212, stack(0x000000001cc30000,0x000000001cd30000)]
  0x000000001aa44000 JavaThread "ForkJoinPool-3-worker-7" daemon [_thread_blocked, id=4896, stack(0x000000001ca30000,0x000000001cb30000)]
  0x000000001aa49000 JavaThread "ForkJoinPool-3-worker-1" daemon [_thread_blocked, id=8036, stack(0x000000001c930000,0x000000001ca30000)]
  0x000000001a9ea800 JavaThread "ForkJoinPool-3-worker-3" daemon [_thread_blocked, id=11848, stack(0x000000001c830000,0x000000001c930000)]
  0x000000001a8c3800 JavaThread "ForkJoinPool-3-worker-5" daemon [_thread_blocked, id=16652, stack(0x000000001c730000,0x000000001c830000)]
  0x000000001a706800 JavaThread "ForkJoinPool-1-worker-7" daemon [_thread_blocked, id=13276, stack(0x000000001c230000,0x000000001c330000)]
  0x000000001a756800 JavaThread "IOManager reader thread #1" daemon [_thread_blocked, id=15784, stack(0x000000001c130000,0x000000001c230000)]
  0x000000001a756000 JavaThread "IOManager writer thread #1" daemon [_thread_blocked, id=4432, stack(0x000000001c030000,0x000000001c130000)]
  0x000000001a9fe800 JavaThread "Timer-0" daemon [_thread_blocked, id=14892, stack(0x000000001bf30000,0x000000001c030000)]
  0x000000001a637000 JavaThread "BLOB Server listener at 54777" daemon [_thread_in_native, id=14340, stack(0x000000001be30000,0x000000001bf30000)]
  0x000000001a6ba800 JavaThread "flink-akka.actor.default-dispatcher-4" daemon [_thread_blocked, id=17532, stack(0x000000001bd30000,0x000000001be30000)]
  0x000000001a767800 JavaThread "flink-akka.actor.default-dispatcher-3" daemon [_thread_blocked, id=16596, stack(0x000000001ba30000,0x000000001bb30000)]
  0x000000001a764000 JavaThread "flink-akka.actor.default-dispatcher-2" daemon [_thread_blocked, id=12576, stack(0x000000001b930000,0x000000001ba30000)]
  0x000000001a7e9000 JavaThread "flink-scheduler-1" daemon [_thread_blocked, id=6616, stack(0x000000001b830000,0x000000001b930000)]
  0x00000000190f4000 JavaThread "Service Thread" daemon [_thread_blocked, id=15612, stack(0x0000000019960000,0x0000000019a60000)]
  0x0000000017bf1000 JavaThread "C1 CompilerThread2" daemon [_thread_blocked, id=16224, stack(0x0000000019860000,0x0000000019960000)]
=>0x0000000017bef800 JavaThread "C2 CompilerThread1" daemon [_thread_in_native, id=10736, stack(0x0000000019760000,0x0000000019860000)]
  0x0000000017bec000 JavaThread "C2 CompilerThread0" daemon [_thread_in_native, id=9060, stack(0x0000000019660000,0x0000000019760000)]
  0x0000000017bea800 JavaThread "Attach Listener" daemon [_thread_blocked, id=12908, stack(0x0000000019560000,0x0000000019660000)]
  0x00000000190a3800 JavaThread "Signal Dispatcher" daemon [_thread_blocked, id=6832, stack(0x0000000019460000,0x0000000019560000)]
  0x0000000003069800 JavaThread "Finalizer" daemon [_thread_blocked, id=18040, stack(0x0000000018e30000,0x0000000018f30000)]
  0x0000000003061000 JavaThread "Reference Handler" daemon [_thread_blocked, id=17604, stack(0x0000000018d30000,0x0000000018e30000)]
  0x0000000002f74000 JavaThread "main" [_thread_blocked, id=12372, stack(0x0000000002aa0000,0x0000000002ba0000)]

Other Threads:
  0x0000000017b97000 VMThread [stack: 0x0000000018c30000,0x0000000018d30000] [id=18272]
  0x0000000019147800 WatcherThread [stack: 0x0000000019a60000,0x0000000019b60000] [id=13236]

VM state:not at safepoint (normal execution)

VM Mutex/Monitor currently owned by a thread: None

Heap:
 PSYoungGen      total 271872K, used 193381K [0x00000000d5d00000, 0x00000000f2900000, 0x0000000100000000)
  eden space 142848K, 61% used [0x00000000d5d00000,0x00000000db35c9a0,0x00000000de880000)
  from space 129024K, 81% used [0x00000000de880000,0x00000000e4efcc10,0x00000000e6680000)
  to   space 141312K, 0% used [0x00000000e9f00000,0x00000000e9f00000,0x00000000f2900000)
 ParOldGen       total 529408K, used 349909K [0x0000000081600000, 0x00000000a1b00000, 0x00000000d5d00000)
  object space 529408K, 66% used [0x0000000081600000,0x0000000096bb54b8,0x00000000a1b00000)
 Metaspace       used 25152K, capacity 25444K, committed 25600K, reserved 1071104K
  class space    used 3674K, capacity 3756K, committed 3840K, reserved 1048576K

Card table byte_map: [0x0000000012430000,0x0000000012830000] byte_map_base: 0x0000000012025000

Marking Bits: (ParMarkBitMap*) 0x000000005d61a5b0
 Begin Bits: [0x0000000012ee0000, 0x0000000014e88000)
 End Bits:   [0x0000000014e88000, 0x0000000016e30000)

Polling page: 0x0000000002ba0000

CodeCache: size=245760Kb used=5672Kb max_used=5672Kb free=240087Kb
 bounds [0x0000000003070000, 0x0000000003600000, 0x0000000012070000]
 total_blobs=2307 nmethods=1857 adapters=362
 compilation: enabled

Compilation events (10 events):
Event: 4.263 Thread 0x0000000017bf1000 1873       3       com.esotericsoftware.kryo.Generics::getConcreteClass (36 bytes)
Event: 4.264 Thread 0x0000000017bf1000 nmethod 1873 0x0000000003183ad0 code [0x0000000003183c60, 0x0000000003184058]
Event: 4.264 Thread 0x0000000017bf1000 1872       3       com.esotericsoftware.kryo.serializers.FieldSerializer::newCachedField (244 bytes)
Event: 4.267 Thread 0x0000000017bf1000 nmethod 1872 0x00000000035f9310 code [0x00000000035f9740, 0x00000000035fc358]
Event: 4.268 Thread 0x0000000017bf1000 1875       3       sun.reflect.generics.repository.GenericDeclRepository::getTypeParameters (80 bytes)
Event: 4.269 Thread 0x0000000017bf1000 nmethod 1875 0x00000000035fdf50 code [0x00000000035fe180, 0x00000000035ff088]
Event: 4.270 Thread 0x0000000017bf1000 1874       3       sun.reflect.generics.scope.ClassScope::make (9 bytes)
Event: 4.270 Thread 0x0000000017bf1000 nmethod 1874 0x00000000035ff6d0 code [0x00000000035ff840, 0x00000000035ffaf0]
Event: 4.284 Thread 0x0000000017bf1000 1876       1       scala.reflect.ClassTag$$anon$1::runtimeClass (5 bytes)
Event: 4.284 Thread 0x0000000017bf1000 nmethod 1876 0x0000000003173a10 code [0x0000000003173b60, 0x0000000003173c70]

GC Heap History (10 events):
Event: 3.284 GC heap before
{Heap before GC invocations=17 (full 4):
 PSYoungGen      total 211456K, used 177571K [0x00000000d5d00000, 0x00000000ea000000, 0x0000000100000000)
  eden space 104448K, 100% used [0x00000000d5d00000,0x00000000dc300000,0x00000000dc300000)
  from space 107008K, 68% used [0x00000000e3480000,0x00000000e7be8e20,0x00000000e9d00000)
  to   space 113152K, 0% used [0x00000000dc300000,0x00000000dc300000,0x00000000e3180000)
 ParOldGen       total 339456K, used 258763K [0x0000000081600000, 0x0000000096180000, 0x00000000d5d00000)
  object space 339456K, 76% used [0x0000000081600000,0x00000000912b2d50,0x0000000096180000)
 Metaspace       used 23824K, capacity 24114K, committed 24320K, reserved 1071104K
  class space    used 3411K, capacity 3465K, committed 3584K, reserved 1048576K
Event: 3.359 GC heap after
Heap after GC invocations=17 (full 4):
 PSYoungGen      total 217600K, used 90812K [0x00000000d5d00000, 0x00000000ee180000, 0x0000000100000000)
  eden space 104448K, 0% used [0x00000000d5d00000,0x00000000d5d00000,0x00000000dc300000)
  from space 113152K, 80% used [0x00000000dc300000,0x00000000e1baf090,0x00000000e3180000)
  to   space 124416K, 0% used [0x00000000e6800000,0x00000000e6800000,0x00000000ee180000)
 ParOldGen       total 339456K, used 337554K [0x0000000081600000, 0x0000000096180000, 0x00000000d5d00000)
  object space 339456K, 99% used [0x0000000081600000,0x0000000095fa4b20,0x0000000096180000)
 Metaspace       used 23824K, capacity 24114K, committed 24320K, reserved 1071104K
  class space    used 3411K, capacity 3465K, committed 3584K, reserved 1048576K
}
Event: 3.359 GC heap before
{Heap before GC invocations=18 (full 5):
 PSYoungGen      total 217600K, used 90812K [0x00000000d5d00000, 0x00000000ee180000, 0x0000000100000000)
  eden space 104448K, 0% used [0x00000000d5d00000,0x00000000d5d00000,0x00000000dc300000)
  from space 113152K, 80% used [0x00000000dc300000,0x00000000e1baf090,0x00000000e3180000)
  to   space 124416K, 0% used [0x00000000e6800000,0x00000000e6800000,0x00000000ee180000)
 ParOldGen       total 339456K, used 337554K [0x0000000081600000, 0x0000000096180000, 0x00000000d5d00000)
  object space 339456K, 99% used [0x0000000081600000,0x0000000095fa4b20,0x0000000096180000)
 Metaspace       used 23824K, capacity 24114K, committed 24320K, reserved 1071104K
  class space    used 3411K, capacity 3465K, committed 3584K, reserved 1048576K
Event: 3.498 GC heap after
Heap after GC invocations=18 (full 5):
 PSYoungGen      total 217600K, used 81471K [0x00000000d5d00000, 0x00000000ee180000, 0x0000000100000000)
  eden space 104448K, 0% used [0x00000000d5d00000,0x00000000d5d00000,0x00000000dc300000)
  from space 113152K, 72% used [0x00000000dc300000,0x00000000e128fcb8,0x00000000e3180000)
  to   space 124416K, 0% used [0x00000000e6800000,0x00000000e6800000,0x00000000ee180000)
 ParOldGen       total 487424K, used 339040K [0x0000000081600000, 0x000000009f200000, 0x00000000d5d00000)
  object space 487424K, 69% used [0x0000000081600000,0x0000000096118170,0x000000009f200000)
 Metaspace       used 23824K, capacity 24114K, committed 24320K, reserved 1071104K
  class space    used 3411K, capacity 3465K, committed 3584K, reserved 1048576K
}
Event: 3.583 GC heap before
{Heap before GC invocations=19 (full 5):
 PSYoungGen      total 217600K, used 185919K [0x00000000d5d00000, 0x00000000ee180000, 0x0000000100000000)
  eden space 104448K, 100% used [0x00000000d5d00000,0x00000000dc300000,0x00000000dc300000)
  from space 113152K, 72% used [0x00000000dc300000,0x00000000e128fcb8,0x00000000e3180000)
  to   space 124416K, 0% used [0x00000000e6800000,0x00000000e6800000,0x00000000ee180000)
 ParOldGen       total 487424K, used 339040K [0x0000000081600000, 0x000000009f200000, 0x00000000d5d00000)
  object space 487424K, 69% used [0x0000000081600000,0x0000000096118170,0x000000009f200000)
 Metaspace       used 23874K, capacity 24114K, committed 24320K, reserved 1071104K
  class space    used 3412K, capacity 3465K, committed 3584K, reserved 1048576K
Event: 3.669 GC heap after
Heap after GC invocations=19 (full 5):
 PSYoungGen      total 267264K, used 79494K [0x00000000d5d00000, 0x00000000ee480000, 0x0000000100000000)
  eden space 142848K, 0% used [0x00000000d5d00000,0x00000000d5d00000,0x00000000de880000)
  from space 124416K, 63% used [0x00000000e6800000,0x00000000eb5a1aa0,0x00000000ee180000)
  to   space 129024K, 0% used [0x00000000de880000,0x00000000de880000,0x00000000e6680000)
 ParOldGen       total 487424K, used 423364K [0x0000000081600000, 0x000000009f200000, 0x00000000d5d00000)
  object space 487424K, 86% used [0x0000000081600000,0x000000009b371320,0x000000009f200000)
 Metaspace       used 23874K, capacity 24114K, committed 24320K, reserved 1071104K
  class space    used 3412K, capacity 3465K, committed 3584K, reserved 1048576K
}
Event: 3.669 GC heap before
{Heap before GC invocations=20 (full 6):
 PSYoungGen      total 267264K, used 79494K [0x00000000d5d00000, 0x00000000ee480000, 0x0000000100000000)
  eden space 142848K, 0% used [0x00000000d5d00000,0x00000000d5d00000,0x00000000de880000)
  from space 124416K, 63% used [0x00000000e6800000,0x00000000eb5a1aa0,0x00000000ee180000)
  to   space 129024K, 0% used [0x00000000de880000,0x00000000de880000,0x00000000e6680000)
 ParOldGen       total 487424K, used 423364K [0x0000000081600000, 0x000000009f200000, 0x00000000d5d00000)
  object space 487424K, 86% used [0x0000000081600000,0x000000009b371320,0x000000009f200000)
 Metaspace       used 23874K, capacity 24114K, committed 24320K, reserved 1071104K
  class space    used 3412K, capacity 3465K, committed 3584K, reserved 1048576K
Event: 3.798 GC heap after
Heap after GC invocations=20 (full 6):
 PSYoungGen      total 267264K, used 0K [0x00000000d5d00000, 0x00000000ee480000, 0x0000000100000000)
  eden space 142848K, 0% used [0x00000000d5d00000,0x00000000d5d00000,0x00000000de880000)
  from space 124416K, 0% used [0x00000000e6800000,0x00000000e6800000,0x00000000ee180000)
  to   space 129024K, 0% used [0x00000000de880000,0x00000000de880000,0x00000000e6680000)
 ParOldGen       total 529408K, used 349901K [0x0000000081600000, 0x00000000a1b00000, 0x00000000d5d00000)
  object space 529408K, 66% used [0x0000000081600000,0x0000000096bb34b8,0x00000000a1b00000)
 Metaspace       used 23874K, capacity 24114K, committed 24320K, reserved 1071104K
  class space    used 3412K, capacity 3465K, committed 3584K, reserved 1048576K
}
Event: 3.836 GC heap before
{Heap before GC invocations=21 (full 6):
 PSYoungGen      total 267264K, used 142817K [0x00000000d5d00000, 0x00000000ee480000, 0x0000000100000000)
  eden space 142848K, 99% used [0x00000000d5d00000,0x00000000de8785b0,0x00000000de880000)
  from space 124416K, 0% used [0x00000000e6800000,0x00000000e6800000,0x00000000ee180000)
  to   space 129024K, 0% used [0x00000000de880000,0x00000000de880000,0x00000000e6680000)
 ParOldGen       total 529408K, used 349901K [0x0000000081600000, 0x00000000a1b00000, 0x00000000d5d00000)
  object space 529408K, 66% used [0x0000000081600000,0x0000000096bb34b8,0x00000000a1b00000)
 Metaspace       used 23899K, capacity 24114K, committed 24320K, reserved 1071104K
  class space    used 3412K, capacity 3465K, committed 3584K, reserved 1048576K
Event: 3.870 GC heap after
Heap after GC invocations=21 (full 6):
 PSYoungGen      total 271872K, used 104947K [0x00000000d5d00000, 0x00000000f2900000, 0x0000000100000000)
  eden space 142848K, 0% used [0x00000000d5d00000,0x00000000d5d00000,0x00000000de880000)
  from space 129024K, 81% used [0x00000000de880000,0x00000000e4efcc10,0x00000000e6680000)
  to   space 141312K, 0% used [0x00000000e9f00000,0x00000000e9f00000,0x00000000f2900000)
 ParOldGen       total 529408K, used 349909K [0x0000000081600000, 0x00000000a1b00000, 0x00000000d5d00000)
  object space 529408K, 66% used [0x0000000081600000,0x0000000096bb54b8,0x00000000a1b00000)
 Metaspace       used 23899K, capacity 24114K, committed 24320K, reserved 1071104K
  class space    used 3412K, capacity 3465K, committed 3584K, reserved 1048576K
}

Deoptimization events (10 events):
Event: 2.313 Thread 0x0000000002f74000 Uncommon trap: reason=bimorphic action=maybe_recompile pc=0x0000000003341b58 method=java.util.AbstractCollection.isEmpty()Z @ 1
Event: 2.313 Thread 0x0000000002f74000 Uncommon trap: reason=bimorphic action=maybe_recompile pc=0x0000000003341b58 method=java.util.AbstractCollection.isEmpty()Z @ 1
Event: 2.313 Thread 0x0000000002f74000 Uncommon trap: reason=bimorphic action=maybe_recompile pc=0x0000000003341b58 method=java.util.AbstractCollection.isEmpty()Z @ 1
Event: 2.313 Thread 0x0000000002f74000 Uncommon trap: reason=bimorphic action=maybe_recompile pc=0x0000000003341b58 method=java.util.AbstractCollection.isEmpty()Z @ 1
Event: 2.484 Thread 0x000000001a767800 Uncommon trap: reason=unstable_if action=reinterpret pc=0x0000000003446520 method=java.lang.ClassLoader.getClassLoadingLock(Ljava/lang/String;)Ljava/lang/Object; @ 6
Event: 3.798 Thread 0x000000001a811000 Uncommon trap: reason=class_check action=maybe_recompile pc=0x000000000337bb14 method=java.util.concurrent.ConcurrentHashMap.putVal(Ljava/lang/Object;Ljava/lang/Object;Z)Ljava/lang/Object; @ 192
Event: 3.805 Thread 0x000000001a80c800 Uncommon trap: reason=class_check action=maybe_recompile pc=0x000000000337bb14 method=java.util.concurrent.ConcurrentHashMap.putVal(Ljava/lang/Object;Ljava/lang/Object;Z)Ljava/lang/Object; @ 192
Event: 3.890 Thread 0x000000001a817000 Uncommon trap: reason=class_check action=maybe_recompile pc=0x000000000337bb14 method=java.util.concurrent.ConcurrentHashMap.putVal(Ljava/lang/Object;Ljava/lang/Object;Z)Ljava/lang/Object; @ 192
Event: 3.954 Thread 0x000000001a80d000 Uncommon trap: reason=unstable_if action=reinterpret pc=0x000000000353aa30 method=java.io.ByteArrayInputStream.read([BII)I @ 63
Event: 4.162 Thread 0x000000001a811000 Uncommon trap: reason=unstable_if action=reinterpret pc=0x000000000337bc08 method=java.util.concurrent.ConcurrentHashMap.putVal(Ljava/lang/Object;Ljava/lang/Object;Z)Ljava/lang/Object; @ 98

Internal exceptions (10 events):
Event: 1.998 Thread 0x000000001a767800 Exception <a 'java/lang/ArrayIndexOutOfBoundsException'> (0x00000000d6956230) thrown at [C:\re\workspace\8-2-build-windows-amd64-cygwin\jdk8u60\4407\hotspot\src\share\vm\runtime\sharedRuntime.cpp, line 605]
Event: 2.002 Thread 0x000000001a767800 Exception <a 'java/lang/ArrayIndexOutOfBoundsException'> (0x00000000d69655b8) thrown at [C:\re\workspace\8-2-build-windows-amd64-cygwin\jdk8u60\4407\hotspot\src\share\vm\runtime\sharedRuntime.cpp, line 605]
Event: 2.248 Thread 0x0000000002f74000 Implicit null exception at 0x0000000003411195 to 0x0000000003411391
Event: 2.369 Thread 0x0000000002f74000 Exception <a 'java/lang/NoSuchMethodError': <clinit>> (0x00000000d683c3b8) thrown at [C:\re\workspace\8-2-build-windows-amd64-cygwin\jdk8u60\4407\hotspot\src\share\vm\prims\jni.cpp, line 1591]
Event: 2.378 Thread 0x0000000002f74000 Exception <a 'java/lang/NoSuchMethodError': <clinit>> (0x00000000d684e190) thrown at [C:\re\workspace\8-2-build-windows-amd64-cygwin\jdk8u60\4407\hotspot\src\share\vm\prims\jni.cpp, line 1591]
Event: 2.378 Thread 0x0000000002f74000 Exception <a 'java/lang/NoSuchMethodError': <clinit>> (0x00000000d684ede0) thrown at [C:\re\workspace\8-2-build-windows-amd64-cygwin\jdk8u60\4407\hotspot\src\share\vm\prims\jni.cpp, line 1591]
Event: 2.398 Thread 0x0000000002f74000 Exception <a 'java/lang/NoSuchMethodError': <clinit>> (0x00000000d68d6908) thrown at [C:\re\workspace\8-2-build-windows-amd64-cygwin\jdk8u60\4407\hotspot\src\share\vm\prims\jni.cpp, line 1591]
Event: 2.398 Thread 0x0000000002f74000 Exception <a 'java/lang/NoSuchMethodError': <clinit>> (0x00000000d68d7428) thrown at [C:\re\workspace\8-2-build-windows-amd64-cygwin\jdk8u60\4407\hotspot\src\share\vm\prims\jni.cpp, line 1591]
Event: 2.399 Thread 0x0000000002f74000 Exception <a 'java/lang/NoSuchMethodError': <clinit>> (0x00000000d68d7f78) thrown at [C:\re\workspace\8-2-build-windows-amd64-cygwin\jdk8u60\4407\hotspot\src\share\vm\prims\jni.cpp, line 1591]
Event: 2.580 Thread 0x000000001a80a000 Exception <a 'java/lang/NoSuchMethodError': <clinit>> (0x00000000d753a588) thrown at [C:\re\workspace\8-2-build-windows-amd64-cygwin\jdk8u60\4407\hotspot\src\share\vm\prims\jni.cpp, line 1591]

Events (10 events):
Event: 4.315 loading class com/twitter/chill/Tuple21Serializer
Event: 4.315 loading class com/twitter/chill/Tuple21Serializer done
Event: 4.315 loading class com/twitter/chill/Tuple22Serializer
Event: 4.315 loading class com/twitter/chill/Tuple22Serializer done
Event: 4.315 loading class com/twitter/chill/Tuple1LongSerializer
Event: 4.315 loading class com/twitter/chill/Tuple1LongSerializer done
Event: 4.316 loading class com/twitter/chill/Tuple1IntSerializer
Event: 4.316 loading class com/twitter/chill/Tuple1IntSerializer done
Event: 4.316 loading class com/twitter/chill/Tuple1DoubleSerializer
Event: 4.316 loading class com/twitter/chill/Tuple1DoubleSerializer done


Dynamic libraries:
0x00007ff7ea2e0000 - 0x00007ff7ea317000 	C:\Program Files\Java\jre1.8.0_60\bin\javaw.exe
0x00007ff81cb40000 - 0x00007ff81cd11000 	C:\WINDOWS\SYSTEM32\ntdll.dll
0x00007ff81ab30000 - 0x00007ff81abdb000 	C:\WINDOWS\System32\KERNEL32.DLL
0x00007ff8194d0000 - 0x00007ff8196ed000 	C:\WINDOWS\System32\KERNELBASE.dll
0x00007ff81ac90000 - 0x00007ff81ad32000 	C:\WINDOWS\System32\ADVAPI32.dll
0x00007ff81c640000 - 0x00007ff81c6de000 	C:\WINDOWS\System32\msvcrt.dll
0x00007ff81c8e0000 - 0x00007ff81c939000 	C:\WINDOWS\System32\sechost.dll
0x00007ff81c3c0000 - 0x00007ff81c4e1000 	C:\WINDOWS\System32\RPCRT4.dll
0x00007ff81a580000 - 0x00007ff81a6e5000 	C:\WINDOWS\System32\USER32.dll
0x00007ff8197a0000 - 0x00007ff8197be000 	C:\WINDOWS\System32\win32u.dll
0x00007ff81c600000 - 0x00007ff81c634000 	C:\WINDOWS\System32\GDI32.dll
0x00007ff819f40000 - 0x00007ff81a0c2000 	C:\WINDOWS\System32\gdi32full.dll
0x00007ff80d670000 - 0x00007ff80d8e9000 	C:\WINDOWS\WinSxS\amd64_microsoft.windows.common-controls_6595b64144ccf1df_6.0.14393.447_none_42191651c6827bb3\COMCTL32.dll
0x00007ff81a7f0000 - 0x00007ff81aab8000 	C:\WINDOWS\System32\combase.dll
0x00007ff819270000 - 0x00007ff819365000 	C:\WINDOWS\System32\ucrtbase.dll
0x00007ff819030000 - 0x00007ff81909a000 	C:\WINDOWS\System32\bcryptPrimitives.dll
0x00007ff81abe0000 - 0x00007ff81ac0e000 	C:\WINDOWS\System32\IMM32.DLL
0x000000005c940000 - 0x000000005ca12000 	C:\Program Files\Java\jre1.8.0_60\bin\msvcr100.dll
0x000000005ce10000 - 0x000000005d699000 	C:\Program Files\Java\jre1.8.0_60\bin\server\jvm.dll
0x00007ff81a0d0000 - 0x00007ff81a0d8000 	C:\WINDOWS\System32\PSAPI.DLL
0x00007ff816cf0000 - 0x00007ff816d13000 	C:\WINDOWS\SYSTEM32\WINMM.dll
0x00007ff80a130000 - 0x00007ff80a139000 	C:\WINDOWS\SYSTEM32\WSOCK32.dll
0x00007ff80a850000 - 0x00007ff80a85a000 	C:\WINDOWS\SYSTEM32\VERSION.dll
0x00007ff81c4f0000 - 0x00007ff81c55a000 	C:\WINDOWS\System32\WS2_32.dll
0x0000000002a70000 - 0x0000000002a9b000 	C:\WINDOWS\SYSTEM32\WINMMBASE.dll
0x00007ff819370000 - 0x00007ff8193b2000 	C:\WINDOWS\System32\cfgmgr32.dll
0x000000005d700000 - 0x000000005d70f000 	C:\Program Files\Java\jre1.8.0_60\bin\verify.dll
0x000000005cde0000 - 0x000000005ce09000 	C:\Program Files\Java\jre1.8.0_60\bin\java.dll
0x000000005d6e0000 - 0x000000005d6f6000 	C:\Program Files\Java\jre1.8.0_60\bin\zip.dll
0x00007ff81ad40000 - 0x00007ff81c249000 	C:\WINDOWS\System32\SHELL32.dll
0x00007ff8197c0000 - 0x00007ff819e9a000 	C:\WINDOWS\System32\windows.storage.dll
0x00007ff818fe0000 - 0x00007ff81902c000 	C:\WINDOWS\System32\powrprof.dll
0x00007ff81ac30000 - 0x00007ff81ac82000 	C:\WINDOWS\System32\shlwapi.dll
0x00007ff818fd0000 - 0x00007ff818fdf000 	C:\WINDOWS\System32\kernel.appcore.dll
0x00007ff8196f0000 - 0x00007ff819799000 	C:\WINDOWS\System32\shcore.dll
0x00007ff818fb0000 - 0x00007ff818fc4000 	C:\WINDOWS\System32\profapi.dll
0x000000005cdc0000 - 0x000000005cdda000 	C:\Program Files\Java\jre1.8.0_60\bin\net.dll
0x00007ff818870000 - 0x00007ff8188cc000 	C:\WINDOWS\system32\mswsock.dll
0x00007ff818640000 - 0x00007ff8186e0000 	C:\WINDOWS\SYSTEM32\DNSAPI.dll
0x00007ff81ab20000 - 0x00007ff81ab28000 	C:\WINDOWS\System32\NSI.dll
0x00007ff818600000 - 0x00007ff818638000 	C:\WINDOWS\SYSTEM32\IPHLPAPI.DLL
0x00007ff810530000 - 0x00007ff81053a000 	C:\Windows\System32\rasadhlp.dll
0x00007ff810c50000 - 0x00007ff810cba000 	C:\WINDOWS\System32\fwpuclnt.dll
0x00007ff818ee0000 - 0x00007ff818f0b000 	C:\WINDOWS\SYSTEM32\bcrypt.dll
0x00007ff818a10000 - 0x00007ff818a27000 	C:\WINDOWS\SYSTEM32\CRYPTSP.dll
0x00007ff818480000 - 0x00007ff8184b3000 	C:\WINDOWS\system32\rsaenh.dll
0x00007ff8186f0000 - 0x00007ff81870f000 	C:\WINDOWS\SYSTEM32\USERENV.dll
0x00007ff818a30000 - 0x00007ff818a3b000 	C:\WINDOWS\SYSTEM32\CRYPTBASE.dll
0x00007ff8127c0000 - 0x00007ff8127d6000 	C:\WINDOWS\SYSTEM32\dhcpcsvc6.DLL
0x00007ff8127a0000 - 0x00007ff8127ba000 	C:\WINDOWS\SYSTEM32\dhcpcsvc.DLL
0x000000005cda0000 - 0x000000005cdb1000 	C:\Program Files\Java\jre1.8.0_60\bin\nio.dll
0x000000005c930000 - 0x000000005c93d000 	C:\Program Files\Java\jre1.8.0_60\bin\management.dll
0x00007ff804980000 - 0x00007ff804996000 	C:\WINDOWS\system32\napinsp.dll
0x00007ff804920000 - 0x00007ff80493a000 	C:\WINDOWS\system32\pnrpnsp.dll
0x00007ff815860000 - 0x00007ff815878000 	C:\WINDOWS\system32\NLAapi.dll
0x00007ff8049a0000 - 0x00007ff8049ae000 	C:\WINDOWS\System32\winrnr.dll
0x00007ff8049b0000 - 0x00007ff8049c5000 	C:\WINDOWS\System32\wshbth.dll

VM Arguments:
jvm_args: -Dfile.encoding=GBK 
java_command: Flink.Main_Flink ./OnlineRetail/preprocessingResultInteger_Flink.csv 2 2
java_class_path (initial): C:\Users\KlaraRuanQian\workspace_DBPRO\DBPRO_SS17\target\classes;C:\Users\KlaraRuanQian\.m2\repository\org\apache\flink\flink-java\1.0.0\flink-java-1.0.0.jar;C:\Users\KlaraRuanQian\.m2\repository\org\apache\flink\flink-core\1.0.0\flink-core-1.0.0.jar;C:\Users\KlaraRuanQian\.m2\repository\org\apache\flink\flink-annotations\1.0.0\flink-annotations-1.0.0.jar;C:\Users\KlaraRuanQian\.m2\repository\com\esotericsoftware\kryo\kryo\2.24.0\kryo-2.24.0.jar;C:\Users\KlaraRuanQian\.m2\repository\com\esotericsoftware\minlog\minlog\1.2\minlog-1.2.jar;C:\Users\KlaraRuanQian\.m2\repository\org\objenesis\objenesis\2.1\objenesis-2.1.jar;C:\Users\KlaraRuanQian\.m2\repository\org\apache\avro\avro\1.7.6\avro-1.7.6.jar;C:\Users\KlaraRuanQian\.m2\repository\org\apache\flink\flink-shaded-hadoop2\1.0.0\flink-shaded-hadoop2-1.0.0.jar;C:\Users\KlaraRuanQian\.m2\repository\xmlenc\xmlenc\0.52\xmlenc-0.52.jar;C:\Users\KlaraRuanQian\.m2\repository\commons-codec\commons-codec\1.4\commons-codec-1.4.jar;C:\Users\KlaraRuanQian\.m2\repository\commons-io\commons-io\2.4\commons-io-2.4.jar;C:\Users\KlaraRuanQian\.m2\repository\commons-net\commons-net\3.1\commons-net-3.1.jar;C:\Users\KlaraRuanQian\.m2\repository\commons-collections\commons-collections\3.2.1\commons-collections-3.2.1.jar;C:\Users\KlaraRuanQian\.m2\repository\javax\servlet\servlet-api\2.5\servlet-api-2.5.jar;C:\Users\KlaraRuanQian\.m2\repository\org\mortbay\jetty\jetty-util\6.1.26\jetty-util-6.1.26.jar;C:\Users\KlaraRuanQian\.m2\repository\com\sun\jersey\jersey-core\1.9\jersey-core-1.9.jar;C:\Users\KlaraRuanQian\.m2\repository\commons-el\commons-el\1.0\commons-el-1.0.jar;C:\Users\KlaraRuanQian\.m2\repository\commons-logging\commons-logging\1.1.3\commons-logging-1.1.3.jar;C:\Users\KlaraRuanQian\.m2\repository\com\jamesmurty\utils\java-xmlbuilder\0.4\java-xmlbuilder-0.4.jar;C:\Users\KlaraRuanQian\.m2\repository\commons-lang\commons-lang\2.6\commons-lang-2.6.jar;C:\Users\KlaraRuanQian\.m2\repository\commons-configur
Launcher Type: SUN_STANDARD

Environment Variables:
JAVA_HOME=C:\Program Files\Java\jdk1.8.0_60
PATH=C:/Program Files/Java/jre1.8.0_60/bin/server;C:/Program Files/Java/jre1.8.0_60/bin;C:/Program Files/Java/jre1.8.0_60/lib/amd64;C:\Program Files\Haskell\bin;C:\Program Files\Haskell Platform\8.0.2\lib\extralibs\bin;C:\Program Files\Haskell Platform\8.0.2\bin;C:\ProgramData\Oracle\Java\javapath;C:\windows\system32;C:\windows;C:\windows\System32\Wbem;C:\windows\System32\WindowsPowerShell\v1.0\;C:\Program Files\OpenVPN\bin;C:\Program Files (x86)\File Viewer Lite\lib\magick;C:\Program Files (x86)\MiKTeX 2.9\miktex\bin\;C:\CTEX\UserData\miktex\bin;C:\CTEX\MiKTeX\miktex\bin;C:\CTEX\CTeX\ctex\bin;C:\CTEX\CTeX\cct\bin;C:\CTEX\CTeX\ty\bin;C:\CTEX\Ghostscript\gs9.05\bin;C:\CTEX\GSview\gsview;C:\CTEX\WinEdt;C:\WINDOWS\system32;C:\WINDOWS;C:\WINDOWS\System32\Wbem;C:\WINDOWS\System32\WindowsPowerShell\v1.0\;C:\Program Files\IBM\SPSS\Statistics\23\JRE\bin;C:\Program Files\Haskell Platform\8.0.2\mingw\bin;C:\hadoop\bin;C:\Program Files (x86)\scala\bin;C:\Users\KlaraRuanQian\AppData\Roaming\cabal\bin;C:\Users\KlaraRuanQian\AppData\Roaming\local\bin;C:\Users\KlaraRuanQian\Anaconda3;C:\Users\KlaraRuanQian\Anaconda3\Scripts;C:\Users\KlaraRuanQian\Anaconda3\Library\bin;C:\Users\KlaraRuanQian\AppData\Local\Programs\Python\Python35-32\Scripts\;C:\Users\KlaraRuanQian\AppData\Local\Programs\Python\Python35-32\;C:\Users\KlaraRuanQian\AppData\Local\Microsoft\WindowsApps;C:\Program Files\apache-maven-3.3.9\bin;C:\Program Files (x86)\Microsoft VS Code\bin;C:\Program Files (x86)\q-TextAsData;c:\hadoop\bin;c:\hadoop\bin;C:\Program Files (x86)\eclipse;
USERNAME=KlaraRuanQian
OS=Windows_NT
PROCESSOR_IDENTIFIER=Intel64 Family 6 Model 69 Stepping 1, GenuineIntel



---------------  S Y S T E M  ---------------

OS: Windows 10.0 , 64 bit Build 14393 (10.0.14393.0)

CPU:total 4 (2 cores per cpu, 2 threads per core) family 6 model 69 stepping 1, cmov, cx8, fxsr, mmx, sse, sse2, sse3, ssse3, sse4.1, sse4.2, popcnt, avx, avx2, aes, clmul, erms, lzcnt, ht, tsc, tscinvbit, bmi1, bmi2

Memory: 4k page, physical 8291400k(1185788k free), swap 21712376k(1952k free)

vm_info: Java HotSpot(TM) 64-Bit Server VM (25.60-b23) for windows-amd64 JRE (1.8.0_60-b27), built on Aug  4 2015 11:06:27 by "java_re" with MS VC++ 10.0 (VS2010)

time: Sat Jul 01 17:38:03 2017
elapsed time: 4 seconds (0d 0h 0m 4s)

